Using pre-set license
Built from '2020.3/staging' branch; Version is '2020.3.28f1 (f5400f52e03f) revision 16072719'; Using compiler version '192528614'; Build Type 'Release'
OS: 'Windows 11  (10.0.22621) 64bit Core' Language: 'en' Physical Memory: 8000 MB
BatchMode: 1, IsHumanControllingUs: 0, StartBugReporterOnCrash: 0, Is64bit: 1, IsPro: 0

COMMAND LINE ARGUMENTS:
C:\Program Files\Unity\Hub\Editor\2020.3.28f1\Editor\Unity.exe
-adb2
-batchMode
-noUpm
-name
AssetImportWorker0
-projectPath
C:/Users/Owner/Documents/GitHub/nes_legend_of_zelda/Nes_LOZ
-logFile
Logs/AssetImportWorker0.log
-srvPort
55477
Successfully changed project path to: C:/Users/Owner/Documents/GitHub/nes_legend_of_zelda/Nes_LOZ
C:/Users/Owner/Documents/GitHub/nes_legend_of_zelda/Nes_LOZ
Using Asset Import Pipeline V2.
Refreshing native plugins compatible for Editor in 61.33 ms, found 3 plugins.
Preloading 0 native plugins for Editor in 0.00 ms.
Initialize engine version: 2020.3.28f1 (f5400f52e03f)
[Subsystems] Discovering subsystems at path C:/Program Files/Unity/Hub/Editor/2020.3.28f1/Editor/Data/Resources/UnitySubsystems
[Subsystems] Discovering subsystems at path C:/Users/Owner/Documents/GitHub/nes_legend_of_zelda/Nes_LOZ/Assets
GfxDevice: creating device client; threaded=0
Direct3D:
    Version:  Direct3D 11.0 [level 11.1]
    Renderer: NVIDIA GeForce GTX 1650 (ID=0x1f91)
    Vendor:   
    VRAM:     3949 MB
    Driver:   31.0.15.3598
Initialize mono
Mono path[0] = 'C:/Program Files/Unity/Hub/Editor/2020.3.28f1/Editor/Data/Managed'
Mono path[1] = 'C:/Program Files/Unity/Hub/Editor/2020.3.28f1/Editor/Data/MonoBleedingEdge/lib/mono/unityjit'
Mono config path = 'C:/Program Files/Unity/Hub/Editor/2020.3.28f1/Editor/Data/MonoBleedingEdge/etc'
Using monoOptions --debugger-agent=transport=dt_socket,embedding=1,server=y,suspend=n,address=127.0.0.1:56780
Begin MonoManager ReloadAssembly
Registering precompiled unity dll's ...
Register platform support module: C:/Program Files/Unity/Hub/Editor/2020.3.28f1/Editor/Data/PlaybackEngines/WindowsStandaloneSupport/UnityEditor.WindowsStandalone.Extensions.dll
Registered in 0.002090 seconds.
Native extension for WindowsStandalone target not found
Refreshing native plugins compatible for Editor in 61.37 ms, found 3 plugins.
Preloading 0 native plugins for Editor in 0.00 ms.
Mono: successfully reloaded assembly
- Completed reload, in  1.219 seconds
Domain Reload Profiling:
	ReloadAssembly (1219ms)
		BeginReloadAssembly (136ms)
			ExecutionOrderSort (0ms)
			DisableScriptedObjects (0ms)
			BackupInstance (0ms)
			ReleaseScriptingObjects (0ms)
			CreateAndSetChildDomain (1ms)
		EndReloadAssembly (980ms)
			LoadAssemblies (133ms)
			RebuildTransferFunctionScriptingTraits (0ms)
			SetupTypeCache (435ms)
			ReleaseScriptCaches (0ms)
			RebuildScriptCaches (59ms)
			SetupLoadedEditorAssemblies (264ms)
				LogAssemblyErrors (0ms)
				InitializePlatformSupportModulesInManaged (10ms)
				SetLoadedEditorAssemblies (1ms)
				RefreshPlugins (61ms)
				BeforeProcessingInitializeOnLoad (22ms)
				ProcessInitializeOnLoadAttributes (127ms)
				ProcessInitializeOnLoadMethodAttributes (42ms)
				AfterProcessingInitializeOnLoad (0ms)
				EditorAssembliesLoaded (0ms)
			ExecutionOrderSort2 (0ms)
			AwakeInstancesAfterBackupRestoration (0ms)
Platform modules already initialized, skipping
Registering precompiled user dll's ...
Registered in 0.006277 seconds.
Begin MonoManager ReloadAssembly
Native extension for WindowsStandalone target not found
Refreshing native plugins compatible for Editor in 167.05 ms, found 3 plugins.
Preloading 0 native plugins for Editor in 0.00 ms.
Mono: successfully reloaded assembly
- Completed reload, in  1.988 seconds
Domain Reload Profiling:
	ReloadAssembly (1989ms)
		BeginReloadAssembly (227ms)
			ExecutionOrderSort (0ms)
			DisableScriptedObjects (9ms)
			BackupInstance (0ms)
			ReleaseScriptingObjects (0ms)
			CreateAndSetChildDomain (27ms)
		EndReloadAssembly (1673ms)
			LoadAssemblies (156ms)
			RebuildTransferFunctionScriptingTraits (0ms)
			SetupTypeCache (470ms)
			ReleaseScriptCaches (1ms)
			RebuildScriptCaches (85ms)
			SetupLoadedEditorAssemblies (767ms)
				LogAssemblyErrors (0ms)
				InitializePlatformSupportModulesInManaged (12ms)
				SetLoadedEditorAssemblies (1ms)
				RefreshPlugins (167ms)
				BeforeProcessingInitializeOnLoad (232ms)
				ProcessInitializeOnLoadAttributes (322ms)
				ProcessInitializeOnLoadMethodAttributes (26ms)
				AfterProcessingInitializeOnLoad (6ms)
				EditorAssembliesLoaded (0ms)
			ExecutionOrderSort2 (0ms)
			AwakeInstancesAfterBackupRestoration (9ms)
Platform modules already initialized, skipping
========================================================================
Worker process is ready to serve import requests
Launched and connected shader compiler UnityShaderCompiler.exe after 0.07 seconds
Refreshing native plugins compatible for Editor in 1.32 ms, found 3 plugins.
Preloading 0 native plugins for Editor in 0.00 ms.
Unloading 2196 Unused Serialized files (Serialized files now loaded: 0)
System memory in use before: 95.9 MB.
System memory in use after: 95.8 MB.

Unloading 34 unused Assets to reduce memory usage. Loaded Objects now: 2623.
Total: 8.692900 ms (FindLiveObjects: 0.340400 ms CreateObjectMapping: 0.133300 ms MarkObjects: 7.773500 ms  DeleteObjects: 0.442800 ms)

AssetImportParameters requested are different than current active one (requested -> active):
  custom:framework-win-MediaFoundation: 216162199b28c13a410421893ffa2e32 -> 
  custom:video-decoder-ogg-theora: a1e56fd34408186e4bbccfd4996cb3dc -> 
  custom:container-muxer-webm: aa71ff27fc2769a1b78a27578f13a17b -> 
  custom:container-demuxer-webm: 4f35f7cbe854078d1ac9338744f61a02 -> 
  custom:container-demuxer-ogg: 62fdf1f143b41e24485cea50d1cbac27 -> 
  custom:video-encoder-webm-vp8: eb34c28f22e8b96e1ab97ce403110664 -> 
  custom:video-codec-MediaFoundation-h265: 746d11721c4dcdbdad8f713fa42b33f4 -> 
  custom:video-decoder-webm-vp8: 9c59270c3fd7afecdb556c50c9e8de78 -> 
  custom:audio-decoder-ogg-vorbis: bf7c407c2cedff20999df2af8eb42d56 -> 
  custom:audio-encoder-webm-vorbis: bf7c407c2cedff20999df2af8eb42d56 -> 
========================================================================
Received Import Request.
  path: Assets/Scenes
  artifactKey: Guid(131a6b21c8605f84396be9f6751fb6e3) Importer(815301076,1909f56bfc062723c751e8b465ee728b)
Start importing Assets/Scenes using Guid(131a6b21c8605f84396be9f6751fb6e3) Importer(815301076,1909f56bfc062723c751e8b465ee728b)  -> (artifact id: 'df75b7d1a31c5b4f73fd45661b403b04') in 0.016006 seconds 
  Import took 0.021250 seconds .

========================================================================
Received Import Request.
  Time since last request: 0.000301 seconds.
  path: Assets/Scenes/SampleScene.unity
  artifactKey: Guid(2cda990e2423bbf4892e6590ba056729) Importer(815301076,1909f56bfc062723c751e8b465ee728b)
Start importing Assets/Scenes/SampleScene.unity using Guid(2cda990e2423bbf4892e6590ba056729) Importer(815301076,1909f56bfc062723c751e8b465ee728b)  -> (artifact id: '1333ee985c8b405feb81c7cbd2e221fc') in 0.023100 seconds 
  Import took 0.027919 seconds .

========================================================================
Received Import Request.
  Time since last request: 39.682960 seconds.
  path: Assets
  artifactKey: Guid(00000000000000001000000000000000) Importer(815301076,1909f56bfc062723c751e8b465ee728b)
Start importing Assets using Guid(00000000000000001000000000000000) Importer(815301076,1909f56bfc062723c751e8b465ee728b)  -> (artifact id: '42d402b061de3733987d63b9cc3b64de') in 0.019470 seconds 
  Import took 0.036105 seconds .

========================================================================
Received Import Request.
  Time since last request: 25.501808 seconds.
  path: Assets/Sprites
  artifactKey: Guid(c5476e2837ad7334ba4778530001f245) Importer(815301076,1909f56bfc062723c751e8b465ee728b)
Start importing Assets/Sprites using Guid(c5476e2837ad7334ba4778530001f245) Importer(815301076,1909f56bfc062723c751e8b465ee728b)  -> (artifact id: '6bf8fea0503a2918090f72ea5f265728') in 0.012441 seconds 
  Import took 0.017965 seconds .

========================================================================
Received Import Request.
  Time since last request: 11.134946 seconds.
  path: Assets/Audio
  artifactKey: Guid(0225bd1dbd34daa4e9372dbeba7ddb7c) Importer(815301076,1909f56bfc062723c751e8b465ee728b)
Start importing Assets/Audio using Guid(0225bd1dbd34daa4e9372dbeba7ddb7c) Importer(815301076,1909f56bfc062723c751e8b465ee728b)  -> (artifact id: 'a33e7e8a499516884a6eebc2f77715c7') in 0.012083 seconds 
  Import took 0.017554 seconds .

========================================================================
Received Import Request.
  Time since last request: 34.571365 seconds.
  path: Assets/Scripts
  artifactKey: Guid(679ea9b822f89074abf5fe3f4fed4d51) Importer(815301076,1909f56bfc062723c751e8b465ee728b)
Start importing Assets/Scripts using Guid(679ea9b822f89074abf5fe3f4fed4d51) Importer(815301076,1909f56bfc062723c751e8b465ee728b)  -> (artifact id: '96620c1b45bb630349aac094948f2ceb') in 0.013309 seconds 
  Import took 0.018017 seconds .

========================================================================
Received Import Request.
  Time since last request: 51.695388 seconds.
  path: Assets/Scenes/MainMenuScene.unity
  artifactKey: Guid(2cda990e2423bbf4892e6590ba056729) Importer(815301076,1909f56bfc062723c751e8b465ee728b)
Start importing Assets/Scenes/MainMenuScene.unity using Guid(2cda990e2423bbf4892e6590ba056729) Importer(815301076,1909f56bfc062723c751e8b465ee728b)  -> (artifact id: 'a1e09198f46862b01739c268f87945fa') in 0.011673 seconds 
  Import took 0.016747 seconds .

========================================================================
Received Import Request.
  Time since last request: 32.948229 seconds.
  path: Assets/Scenes/GameScene.unity
  artifactKey: Guid(c6a773f39564be047970aed5ed96dd0a) Importer(815301076,1909f56bfc062723c751e8b465ee728b)
Start importing Assets/Scenes/GameScene.unity using Guid(c6a773f39564be047970aed5ed96dd0a) Importer(815301076,1909f56bfc062723c751e8b465ee728b)  -> (artifact id: '45078fe6f0fe314c200007edd6c1a83b') in 0.012606 seconds 
  Import took 0.017840 seconds .

========================================================================
Received Import Request.
  Time since last request: 28.551557 seconds.
  path: Assets/Audio/Music
  artifactKey: Guid(f65d19124f8993647b9264ea514cc27c) Importer(815301076,1909f56bfc062723c751e8b465ee728b)
Start importing Assets/Audio/Music using Guid(f65d19124f8993647b9264ea514cc27c) Importer(815301076,1909f56bfc062723c751e8b465ee728b)  -> (artifact id: '4e1cdb688e8358f40eb3161636b6f692') in 0.021018 seconds 
  Import took 0.031591 seconds .

========================================================================
Received Import Request.
  Time since last request: 12.753320 seconds.
  path: Assets/Audio/Sfx
  artifactKey: Guid(2c860dc4523c33c4ca81e9f256910c4d) Importer(815301076,1909f56bfc062723c751e8b465ee728b)
Start importing Assets/Audio/Sfx using Guid(2c860dc4523c33c4ca81e9f256910c4d) Importer(815301076,1909f56bfc062723c751e8b465ee728b)  -> (artifact id: '4a2c2fbc40a6554b45150d310f63e16c') in 0.011361 seconds 
  Import took 0.016924 seconds .

========================================================================
Received Import Request.
  Time since last request: 699.670447 seconds.
  path: Assets/Sprites/link
  artifactKey: Guid(e19b17c93fc17f341a2426ec7fae83bc) Importer(815301076,1909f56bfc062723c751e8b465ee728b)
Start importing Assets/Sprites/link using Guid(e19b17c93fc17f341a2426ec7fae83bc) Importer(815301076,1909f56bfc062723c751e8b465ee728b)  -> (artifact id: '95d2ab01cf4ecfdf04ae586e1df5b0f7') in 0.015557 seconds 
  Import took 0.022640 seconds .

========================================================================
Received Import Request.
  Time since last request: 28.781208 seconds.
  path: Assets/Sprites/link/Link_spritesheet.png
  artifactKey: Guid(0093d48c2556ce14fbfe67e99ac8f5f1) Importer(815301076,1909f56bfc062723c751e8b465ee728b)
Start importing Assets/Sprites/link/Link_spritesheet.png using Guid(0093d48c2556ce14fbfe67e99ac8f5f1) Importer(815301076,1909f56bfc062723c751e8b465ee728b)  -> (artifact id: '88faca339e35e629008fd93cd4608334') in 0.149217 seconds 
  Import took 0.154016 seconds .

========================================================================
Received Import Request.
  Time since last request: 198.366167 seconds.
  path: Assets/Sprites/New Folder
  artifactKey: Guid(4968027a0838cb74b80e86371e2a9591) Importer(815301076,1909f56bfc062723c751e8b465ee728b)
Start importing Assets/Sprites/New Folder using Guid(4968027a0838cb74b80e86371e2a9591) Importer(815301076,1909f56bfc062723c751e8b465ee728b)  -> (artifact id: '9614400df9ffc2f032d7709a4d75355e') in 0.013930 seconds 
  Import took 0.020796 seconds .

========================================================================
Received Import Request.
  Time since last request: 9.117014 seconds.
  path: Assets/Sprites/Overworld Tileset
  artifactKey: Guid(4968027a0838cb74b80e86371e2a9591) Importer(815301076,1909f56bfc062723c751e8b465ee728b)
Start importing Assets/Sprites/Overworld Tileset using Guid(4968027a0838cb74b80e86371e2a9591) Importer(815301076,1909f56bfc062723c751e8b465ee728b)  -> (artifact id: '020926938d627a7af399d7acebd091f8') in 0.008464 seconds 
  Import took 0.014467 seconds .

========================================================================
Received Import Request.
  Time since last request: 310.796546 seconds.
  path: Assets/Sprites/Overworld Tileset/Overworld (First Quest).png
  artifactKey: Guid(3f2cd838321a8214289a5ab6062b80b3) Importer(815301076,1909f56bfc062723c751e8b465ee728b)
Start importing Assets/Sprites/Overworld Tileset/Overworld (First Quest).png using Guid(3f2cd838321a8214289a5ab6062b80b3) Importer(815301076,1909f56bfc062723c751e8b465ee728b)  -> (artifact id: 'd2ee720e738479471a4ff22a1fe35827') in 0.028810 seconds 
  Import took 0.034355 seconds .

AssetImportWorkerClient::OnTransportError - code=2 error=End of file
