Using pre-set license
Built from '2020.3/staging' branch; Version is '2020.3.28f1 (f5400f52e03f) revision 16072719'; Using compiler version '192528614'; Build Type 'Release'
OS: 'Windows 11  (10.0.22621) 64bit Core' Language: 'en' Physical Memory: 8000 MB
BatchMode: 1, IsHumanControllingUs: 0, StartBugReporterOnCrash: 0, Is64bit: 1, IsPro: 0

COMMAND LINE ARGUMENTS:
C:\Program Files\Unity\Hub\Editor\2020.3.28f1\Editor\Unity.exe
-adb2
-batchMode
-noUpm
-name
AssetImportWorker0
-projectPath
C:/Users/Owner/Documents/GitHub/nes_legend_of_zelda/Nes_LOZ
-logFile
Logs/AssetImportWorker0.log
-srvPort
53193
Successfully changed project path to: C:/Users/Owner/Documents/GitHub/nes_legend_of_zelda/Nes_LOZ
C:/Users/Owner/Documents/GitHub/nes_legend_of_zelda/Nes_LOZ
Using Asset Import Pipeline V2.
Refreshing native plugins compatible for Editor in 141.68 ms, found 3 plugins.
Preloading 0 native plugins for Editor in 0.00 ms.
Initialize engine version: 2020.3.28f1 (f5400f52e03f)
[Subsystems] Discovering subsystems at path C:/Program Files/Unity/Hub/Editor/2020.3.28f1/Editor/Data/Resources/UnitySubsystems
[Subsystems] Discovering subsystems at path C:/Users/Owner/Documents/GitHub/nes_legend_of_zelda/Nes_LOZ/Assets
GfxDevice: creating device client; threaded=0
Direct3D:
    Version:  Direct3D 11.0 [level 11.1]
    Renderer: NVIDIA GeForce GTX 1650 (ID=0x1f91)
    Vendor:   
    VRAM:     3949 MB
    Driver:   31.0.15.3598
Initialize mono
Mono path[0] = 'C:/Program Files/Unity/Hub/Editor/2020.3.28f1/Editor/Data/Managed'
Mono path[1] = 'C:/Program Files/Unity/Hub/Editor/2020.3.28f1/Editor/Data/MonoBleedingEdge/lib/mono/unityjit'
Mono config path = 'C:/Program Files/Unity/Hub/Editor/2020.3.28f1/Editor/Data/MonoBleedingEdge/etc'
Using monoOptions --debugger-agent=transport=dt_socket,embedding=1,server=y,suspend=n,address=127.0.0.1:56092
Begin MonoManager ReloadAssembly
Registering precompiled unity dll's ...
Register platform support module: C:/Program Files/Unity/Hub/Editor/2020.3.28f1/Editor/Data/PlaybackEngines/WindowsStandaloneSupport/UnityEditor.WindowsStandalone.Extensions.dll
Registered in 0.003514 seconds.
Native extension for WindowsStandalone target not found
Refreshing native plugins compatible for Editor in 93.43 ms, found 3 plugins.
Preloading 0 native plugins for Editor in 0.00 ms.
Mono: successfully reloaded assembly
- Completed reload, in  1.446 seconds
Domain Reload Profiling:
	ReloadAssembly (1447ms)
		BeginReloadAssembly (189ms)
			ExecutionOrderSort (0ms)
			DisableScriptedObjects (0ms)
			BackupInstance (0ms)
			ReleaseScriptingObjects (0ms)
			CreateAndSetChildDomain (3ms)
		EndReloadAssembly (1092ms)
			LoadAssemblies (182ms)
			RebuildTransferFunctionScriptingTraits (0ms)
			SetupTypeCache (339ms)
			ReleaseScriptCaches (0ms)
			RebuildScriptCaches (77ms)
			SetupLoadedEditorAssemblies (433ms)
				LogAssemblyErrors (0ms)
				InitializePlatformSupportModulesInManaged (10ms)
				SetLoadedEditorAssemblies (1ms)
				RefreshPlugins (94ms)
				BeforeProcessingInitializeOnLoad (40ms)
				ProcessInitializeOnLoadAttributes (206ms)
				ProcessInitializeOnLoadMethodAttributes (81ms)
				AfterProcessingInitializeOnLoad (0ms)
				EditorAssembliesLoaded (1ms)
			ExecutionOrderSort2 (0ms)
			AwakeInstancesAfterBackupRestoration (0ms)
Platform modules already initialized, skipping
Registering precompiled user dll's ...
Registered in 0.023848 seconds.
Begin MonoManager ReloadAssembly
Native extension for WindowsStandalone target not found
Refreshing native plugins compatible for Editor in 97.02 ms, found 3 plugins.
Preloading 0 native plugins for Editor in 0.00 ms.
Mono: successfully reloaded assembly
- Completed reload, in  2.730 seconds
Domain Reload Profiling:
	ReloadAssembly (2733ms)
		BeginReloadAssembly (328ms)
			ExecutionOrderSort (0ms)
			DisableScriptedObjects (11ms)
			BackupInstance (0ms)
			ReleaseScriptingObjects (0ms)
			CreateAndSetChildDomain (43ms)
		EndReloadAssembly (2262ms)
			LoadAssemblies (219ms)
			RebuildTransferFunctionScriptingTraits (0ms)
			SetupTypeCache (641ms)
			ReleaseScriptCaches (1ms)
			RebuildScriptCaches (146ms)
			SetupLoadedEditorAssemblies (920ms)
				LogAssemblyErrors (0ms)
				InitializePlatformSupportModulesInManaged (10ms)
				SetLoadedEditorAssemblies (1ms)
				RefreshPlugins (97ms)
				BeforeProcessingInitializeOnLoad (226ms)
				ProcessInitializeOnLoadAttributes (515ms)
				ProcessInitializeOnLoadMethodAttributes (56ms)
				AfterProcessingInitializeOnLoad (14ms)
				EditorAssembliesLoaded (1ms)
			ExecutionOrderSort2 (0ms)
			AwakeInstancesAfterBackupRestoration (17ms)
Platform modules already initialized, skipping
========================================================================
Worker process is ready to serve import requests
Launched and connected shader compiler UnityShaderCompiler.exe after 0.17 seconds
Refreshing native plugins compatible for Editor in 1.16 ms, found 3 plugins.
Preloading 0 native plugins for Editor in 0.00 ms.
Unloading 2216 Unused Serialized files (Serialized files now loaded: 0)
System memory in use before: 96.6 MB.
System memory in use after: 96.5 MB.

Unloading 34 unused Assets to reduce memory usage. Loaded Objects now: 2643.
Total: 9.196000 ms (FindLiveObjects: 0.396700 ms CreateObjectMapping: 0.136800 ms MarkObjects: 8.287200 ms  DeleteObjects: 0.372200 ms)

AssetImportParameters requested are different than current active one (requested -> active):
  custom:framework-win-MediaFoundation: 216162199b28c13a410421893ffa2e32 -> 
  custom:video-decoder-ogg-theora: a1e56fd34408186e4bbccfd4996cb3dc -> 
  custom:container-muxer-webm: aa71ff27fc2769a1b78a27578f13a17b -> 
  custom:container-demuxer-webm: 4f35f7cbe854078d1ac9338744f61a02 -> 
  custom:container-demuxer-ogg: 62fdf1f143b41e24485cea50d1cbac27 -> 
  custom:video-encoder-webm-vp8: eb34c28f22e8b96e1ab97ce403110664 -> 
  custom:video-codec-MediaFoundation-h265: 746d11721c4dcdbdad8f713fa42b33f4 -> 
  custom:video-decoder-webm-vp8: 9c59270c3fd7afecdb556c50c9e8de78 -> 
  custom:audio-decoder-ogg-vorbis: bf7c407c2cedff20999df2af8eb42d56 -> 
  custom:audio-encoder-webm-vorbis: bf7c407c2cedff20999df2af8eb42d56 -> 
========================================================================
Received Import Request.
  path: Assets/Sprites/Overworld Tileset/NES - The Legend of Zelda - Overworld Tileset.png
  artifactKey: Guid(638160d54d234694d83d85cbe09ca91a) Importer(815301076,1909f56bfc062723c751e8b465ee728b)
Start importing Assets/Sprites/Overworld Tileset/NES - The Legend of Zelda - Overworld Tileset.png using Guid(638160d54d234694d83d85cbe09ca91a) Importer(815301076,1909f56bfc062723c751e8b465ee728b)  -> (artifact id: 'b5d9ee6d6687b6d3e1ea371501674a77') in 0.248983 seconds 
  Import took 0.257358 seconds .

========================================================================
Received Import Request.
  Time since last request: 211.268359 seconds.
  path: Assets/Sprites/Overworld Tileset/Overworld (First Quest).png
  artifactKey: Guid(3f2cd838321a8214289a5ab6062b80b3) Importer(815301076,1909f56bfc062723c751e8b465ee728b)
Start importing Assets/Sprites/Overworld Tileset/Overworld (First Quest).png using Guid(3f2cd838321a8214289a5ab6062b80b3) Importer(815301076,1909f56bfc062723c751e8b465ee728b)  -> (artifact id: '628f941a3ded79e335ee89771d4bcbec') in 0.069853 seconds 
  Import took 0.078686 seconds .

========================================================================
Received Import Request.
  Time since last request: 14.774561 seconds.
  path: Assets/Sprites/Overworld Tileset/Overworld (First Quest).png
  artifactKey: Guid(3f2cd838321a8214289a5ab6062b80b3) Importer(815301076,1909f56bfc062723c751e8b465ee728b)
Start importing Assets/Sprites/Overworld Tileset/Overworld (First Quest).png using Guid(3f2cd838321a8214289a5ab6062b80b3) Importer(815301076,1909f56bfc062723c751e8b465ee728b)  -> (artifact id: 'e4a373b22743fe88e9019b719be3fd70') in 0.044241 seconds 
  Import took 0.054141 seconds .

========================================================================
Received Import Request.
  Time since last request: 365.286540 seconds.
  path: Assets/Sprites/Overworld Tileset/NES - The Legend of Zelda - Overworld Tileset.png
  artifactKey: Guid(638160d54d234694d83d85cbe09ca91a) Importer(815301076,1909f56bfc062723c751e8b465ee728b)
Start importing Assets/Sprites/Overworld Tileset/NES - The Legend of Zelda - Overworld Tileset.png using Guid(638160d54d234694d83d85cbe09ca91a) Importer(815301076,1909f56bfc062723c751e8b465ee728b)  -> (artifact id: 'b98cb3cd8bb8fb137e24c14cb0ab75f3') in 0.041015 seconds 
  Import took 0.048616 seconds .

========================================================================
Received Import Request.
  Time since last request: 301.776805 seconds.
  path: Assets/Sprites/Overworld Tileset/NES - The Legend of Zelda - Overworld Tileset.png
  artifactKey: Guid(638160d54d234694d83d85cbe09ca91a) Importer(815301076,1909f56bfc062723c751e8b465ee728b)
Start importing Assets/Sprites/Overworld Tileset/NES - The Legend of Zelda - Overworld Tileset.png using Guid(638160d54d234694d83d85cbe09ca91a) Importer(815301076,1909f56bfc062723c751e8b465ee728b)  -> (artifact id: '1c5d8e64d43c8bc09b7b586aeb5aecf1') in 0.026377 seconds 
  Import took 0.032328 seconds .

========================================================================
Received Import Request.
  Time since last request: 108.424145 seconds.
  path: Assets/Sprites/Overworld Tileset/NES - The Legend of Zelda - Overworld Tileset.png
  artifactKey: Guid(638160d54d234694d83d85cbe09ca91a) Importer(815301076,1909f56bfc062723c751e8b465ee728b)
Start importing Assets/Sprites/Overworld Tileset/NES - The Legend of Zelda - Overworld Tileset.png using Guid(638160d54d234694d83d85cbe09ca91a) Importer(815301076,1909f56bfc062723c751e8b465ee728b)  -> (artifact id: 'ca8f84a871b6d81010dfb8691596aff3') in 1.572932 seconds 
  Import took 1.582205 seconds .

========================================================================
Received Import Request.
  Time since last request: 278.714262 seconds.
  path: Assets/Sprites/Overworld Tileset/WorldPalette.prefab
  artifactKey: Guid(d3fbcd926d12d71458ef1558a49de279) Importer(815301076,1909f56bfc062723c751e8b465ee728b)
Start importing Assets/Sprites/Overworld Tileset/WorldPalette.prefab using Guid(d3fbcd926d12d71458ef1558a49de279) Importer(815301076,1909f56bfc062723c751e8b465ee728b)  -> (artifact id: '68be27e3f92bd989bef367ae67da5152') in 0.065294 seconds 
  Import took 0.070066 seconds .

========================================================================
Received Import Request.
  Time since last request: 36.024305 seconds.
  path: Assets/Sprites/Overworld Tileset/Overworld (First Quest)1.asset
  artifactKey: Guid(14a1884dc53cfcf4792304c349c46b3f) Importer(815301076,1909f56bfc062723c751e8b465ee728b)
Start importing Assets/Sprites/Overworld Tileset/Overworld (First Quest)1.asset using Guid(14a1884dc53cfcf4792304c349c46b3f) Importer(815301076,1909f56bfc062723c751e8b465ee728b)  -> (artifact id: 'b482719d061e499c9396a2b6bb7e0923') in 0.033950 seconds 
  Import took 0.038605 seconds .

========================================================================
Received Import Request.
  Time since last request: 0.000350 seconds.
  path: Assets/Sprites/Overworld Tileset/WorldPalette.prefab
  artifactKey: Guid(d3fbcd926d12d71458ef1558a49de279) Importer(815301076,1909f56bfc062723c751e8b465ee728b)
Start importing Assets/Sprites/Overworld Tileset/WorldPalette.prefab using Guid(d3fbcd926d12d71458ef1558a49de279) Importer(815301076,1909f56bfc062723c751e8b465ee728b)  -> (artifact id: 'b53d509a162492f6499772334bae28c6') in 0.019626 seconds 
  Import took 0.023663 seconds .

AssetImportWorkerClient::OnTransportError - code=2 error=End of file
